<?xml version="1.0" encoding="UTF-8"?>
<!-- Generated by org.testng.reporters.JUnitReportReporter -->
<testsuite hostname="LAPTOP-7A6BVKFP" failures="0" tests="1" name="Automation.WebServerWorkingVerfication.WebChecking" time="40.279" errors="0" timestamp="2024-04-20T17:43:28 IST" skipped="0">
  <testcase classname="Automation.WebServerWorkingVerfication.WebChecking" name="webCheckingTest" time="40.279"/>
  <system-out/>
</testsuite> <!-- Automation.WebServerWorkingVerfication.WebChecking -->
