<?xml version="1.0" encoding="UTF-8"?>
<!-- Generated by org.testng.reporters.JUnitReportReporter -->
<testsuite hostname="nishant191" failures="0" tests="1" name="Automation.WebServerWorkingVerfication.WebChecking" time="31.154" errors="0" timestamp="2024-03-20T17:30:32 IST" skipped="0">
  <testcase classname="Automation.WebServerWorkingVerfication.WebChecking" name="webCheckingTest" time="31.154"/>
  <system-out/>
</testsuite> <!-- Automation.WebServerWorkingVerfication.WebChecking -->
